Determining if the pthread_create exist failed with the following output:
Change Dir: /home/liuhao/CLionProjects/linux/net/fuzzer/cmake-build-debug/CMakeFiles/CMakeTmp

Run Build Command(s):/usr/bin/make cmTC_bc3f2/fast 
/usr/bin/make -f CMakeFiles/cmTC_bc3f2.dir/build.make CMakeFiles/cmTC_bc3f2.dir/build
make[1]: Entering directory '/home/liuhao/CLionProjects/linux/net/fuzzer/cmake-build-debug/CMakeFiles/CMakeTmp'
Building C object CMakeFiles/cmTC_bc3f2.dir/CheckSymbolExists.c.o
/usr/bin/cc    -o CMakeFiles/cmTC_bc3f2.dir/CheckSymbolExists.c.o   -c /home/liuhao/CLionProjects/linux/net/fuzzer/cmake-build-debug/CMakeFiles/CMakeTmp/CheckSymbolExists.c
Linking C executable cmTC_bc3f2
/home/liuhao/tools/clion-2019.2.1/bin/cmake/linux/bin/cmake -E cmake_link_script CMakeFiles/cmTC_bc3f2.dir/link.txt --verbose=1
/usr/bin/cc      CMakeFiles/cmTC_bc3f2.dir/CheckSymbolExists.c.o  -o cmTC_bc3f2 
CMakeFiles/cmTC_bc3f2.dir/CheckSymbolExists.c.o: In function `main':
CheckSymbolExists.c:(.text+0x1b): undefined reference to `pthread_create'
collect2: error: ld returned 1 exit status
CMakeFiles/cmTC_bc3f2.dir/build.make:86: recipe for target 'cmTC_bc3f2' failed
make[1]: *** [cmTC_bc3f2] Error 1
make[1]: Leaving directory '/home/liuhao/CLionProjects/linux/net/fuzzer/cmake-build-debug/CMakeFiles/CMakeTmp'
Makefile:121: recipe for target 'cmTC_bc3f2/fast' failed
make: *** [cmTC_bc3f2/fast] Error 2

File /home/liuhao/CLionProjects/linux/net/fuzzer/cmake-build-debug/CMakeFiles/CMakeTmp/CheckSymbolExists.c:
/* */
#include <pthread.h>

int main(int argc, char** argv)
{
  (void)argv;
#ifndef pthread_create
  return ((int*)(&pthread_create))[argc];
#else
  (void)argc;
  return 0;
#endif
}

Determining if the function pthread_create exists in the pthreads failed with the following output:
Change Dir: /home/liuhao/CLionProjects/linux/net/fuzzer/cmake-build-debug/CMakeFiles/CMakeTmp

Run Build Command(s):/usr/bin/make cmTC_b1509/fast 
/usr/bin/make -f CMakeFiles/cmTC_b1509.dir/build.make CMakeFiles/cmTC_b1509.dir/build
make[1]: Entering directory '/home/liuhao/CLionProjects/linux/net/fuzzer/cmake-build-debug/CMakeFiles/CMakeTmp'
Building C object CMakeFiles/cmTC_b1509.dir/CheckFunctionExists.c.o
/usr/bin/cc   -DCHECK_FUNCTION_EXISTS=pthread_create   -o CMakeFiles/cmTC_b1509.dir/CheckFunctionExists.c.o   -c /home/liuhao/tools/clion-2019.2.1/bin/cmake/linux/share/cmake-3.14/Modules/CheckFunctionExists.c
Linking C executable cmTC_b1509
/home/liuhao/tools/clion-2019.2.1/bin/cmake/linux/bin/cmake -E cmake_link_script CMakeFiles/cmTC_b1509.dir/link.txt --verbose=1
/usr/bin/cc  -DCHECK_FUNCTION_EXISTS=pthread_create    CMakeFiles/cmTC_b1509.dir/CheckFunctionExists.c.o  -o cmTC_b1509 -lpthreads 
/usr/bin/ld: cannot find -lpthreads
collect2: error: ld returned 1 exit status
CMakeFiles/cmTC_b1509.dir/build.make:86: recipe for target 'cmTC_b1509' failed
make[1]: *** [cmTC_b1509] Error 1
make[1]: Leaving directory '/home/liuhao/CLionProjects/linux/net/fuzzer/cmake-build-debug/CMakeFiles/CMakeTmp'
Makefile:121: recipe for target 'cmTC_b1509/fast' failed
make: *** [cmTC_b1509/fast] Error 2


